<?xml version="1.0" encoding="UTF-8" ?>
<testsuite failures="2" time="0" errors="0" skipped="1" tests="7" name="org.openfuxml.renderer.latex.content.list.TestLatexListRenderer">
  <properties>
[...]
</properties>
  <testcase time="0" classname="org.openfuxml.renderer.latex.content.list.TestLatexListRenderer" name="withoutType"/>
  <testcase time="0" classname="org.openfuxml.renderer.latex.content.list.TestLatexListRenderer" name="description">
    <skipped message="Description NYI"/>
  </testcase>
  <testcase time="0" classname="org.openfuxml.renderer.latex.content.list.TestLatexListRenderer" name="noOrderingNoDescriptionFalse"/>
  <testcase time="0" classname="org.openfuxml.renderer.latex.content.list.TestLatexListRenderer" name="ordered">
    <failure message="expected:&lt;[
% ******************************************************
% Rendering a (list) List with: LatexListRenderer

\begin{enumerate}

\item
Lorem ipsum dolor sit amet, consetetur sadipscing elitr, sed diam

\end{enumerate}
]
&gt; but was:&lt;[
% ******************************************************
% Rendering a (list) List with: LatexListRenderer

\begin{enumerate}

\item
Lorem ipsum dolor sit amet, consetetur sadipscing elitr, sed diam

\end{enumerate}
]
&gt;" type="org.junit.ComparisonFailure">org.junit.ComparisonFailure: expected:&lt;[
% ******************************************************
% Rendering a (list) List with: LatexListRenderer

\begin{enumerate}

\item
Lorem ipsum dolor sit amet, consetetur sadipscing elitr, sed diam

\end{enumerate}
]
&gt; but was:&lt;[
% ******************************************************
% Rendering a (list) List with: LatexListRenderer

\begin{enumerate}

\item
Lorem ipsum dolor sit amet, consetetur sadipscing elitr, sed diam

\end{enumerate}
]
&gt;
	at org.junit.Assert.assertEquals(Assert.java:115)
	at org.junit.Assert.assertEquals(Assert.java:144)
	at org.openfuxml.test.AbstractOfxCoreTest.assertText(AbstractOfxCoreTest.java:88)
	at org.openfuxml.renderer.latex.content.list.TestLatexListRenderer.ordered(TestLatexListRenderer.java:110)
	at sun.reflect.NativeMethodAccessorImpl.invoke0(Native Method)
	at sun.reflect.NativeMethodAccessorImpl.invoke(NativeMethodAccessorImpl.java:57)
	at sun.reflect.DelegatingMethodAccessorImpl.invoke(DelegatingMethodAccessorImpl.java:43)
	at java.lang.reflect.Method.invoke(Method.java:601)
	at org.junit.runners.model.FrameworkMethod$1.runReflectiveCall(FrameworkMethod.java:47)
	at org.junit.internal.runners.model.ReflectiveCallable.run(ReflectiveCallable.java:12)
	at org.junit.runners.model.FrameworkMethod.invokeExplosively(FrameworkMethod.java:44)
	at org.junit.internal.runners.statements.InvokeMethod.evaluate(InvokeMethod.java:17)
	at org.junit.internal.runners.statements.RunBefores.evaluate(RunBefores.java:26)
	at org.junit.internal.runners.statements.RunAfters.evaluate(RunAfters.java:27)
	at org.junit.runners.ParentRunner.runLeaf(ParentRunner.java:271)
	at org.junit.runners.BlockJUnit4ClassRunner.runChild(BlockJUnit4ClassRunner.java:70)
	at org.junit.runners.BlockJUnit4ClassRunner.runChild(BlockJUnit4ClassRunner.java:50)
	at org.junit.runners.ParentRunner$3.run(ParentRunner.java:238)
	at org.junit.runners.ParentRunner$1.schedule(ParentRunner.java:63)
	at org.junit.runners.ParentRunner.runChildren(ParentRunner.java:236)
	at org.junit.runners.ParentRunner.access$000(ParentRunner.java:53)
	at org.junit.runners.ParentRunner$2.evaluate(ParentRunner.java:229)
	at org.junit.internal.runners.statements.RunBefores.evaluate(RunBefores.java:26)
	at org.junit.runners.ParentRunner.run(ParentRunner.java:309)
	at org.apache.maven.surefire.junit4.JUnit4Provider.execute(JUnit4Provider.java:252)
	at org.apache.maven.surefire.junit4.JUnit4Provider.executeTestSet(JUnit4Provider.java:141)
	at org.apache.maven.surefire.junit4.JUnit4Provider.invoke(JUnit4Provider.java:112)
	at sun.reflect.NativeMethodAccessorImpl.invoke0(Native Method)
	at sun.reflect.NativeMethodAccessorImpl.invoke(NativeMethodAccessorImpl.java:57)
	at sun.reflect.DelegatingMethodAccessorImpl.invoke(DelegatingMethodAccessorImpl.java:43)
	at java.lang.reflect.Method.invoke(Method.java:601)
	at org.apache.maven.surefire.util.ReflectionUtils.invokeMethodWithArray(ReflectionUtils.java:189)
	at org.apache.maven.surefire.booter.ProviderFactory$ProviderProxy.invoke(ProviderFactory.java:165)
	at org.apache.maven.surefire.booter.ProviderFactory.invokeProvider(ProviderFactory.java:85)
	at org.apache.maven.surefire.booter.ForkedBooter.runSuitesInProcess(ForkedBooter.java:115)
	at org.apache.maven.surefire.booter.ForkedBooter.main(ForkedBooter.java:75)
</failure>
  </testcase>
  <testcase time="0" classname="org.openfuxml.renderer.latex.content.list.TestLatexListRenderer" name="descriptionButOrdering"/>
  <testcase time="0" classname="org.openfuxml.renderer.latex.content.list.TestLatexListRenderer" name="noOrderingNoDescription"/>
  <testcase time="0" classname="org.openfuxml.renderer.latex.content.list.TestLatexListRenderer" name="unordered">
    <failure message="expected:&lt;[
% ******************************************************
% Rendering a (list) List with: LatexListRenderer

\begin{itemize}

\item
Lorem ipsum dolor sit amet, consetetur sadipscing elitr, sed diam

\end{itemize}
]
&gt; but was:&lt;[
% ******************************************************
% Rendering a (list) List with: LatexListRenderer

\begin{itemize}

\item
Lorem ipsum dolor sit amet, consetetur sadipscing elitr, sed diam

\end{itemize}
]
&gt;" type="org.junit.ComparisonFailure">org.junit.ComparisonFailure: expected:&lt;[
% ******************************************************
% Rendering a (list) List with: LatexListRenderer

\begin{itemize}

\item
Lorem ipsum dolor sit amet, consetetur sadipscing elitr, sed diam

\end{itemize}
]
&gt; but was:&lt;[
% ******************************************************
% Rendering a (list) List with: LatexListRenderer

\begin{itemize}

\item
Lorem ipsum dolor sit amet, consetetur sadipscing elitr, sed diam

\end{itemize}
]
&gt;
	at org.junit.Assert.assertEquals(Assert.java:115)
	at org.junit.Assert.assertEquals(Assert.java:144)
	at org.openfuxml.test.AbstractOfxCoreTest.assertText(AbstractOfxCoreTest.java:88)
	at org.openfuxml.renderer.latex.content.list.TestLatexListRenderer.unordered(TestLatexListRenderer.java:96)
	at sun.reflect.NativeMethodAccessorImpl.invoke0(Native Method)
	at sun.reflect.NativeMethodAccessorImpl.invoke(NativeMethodAccessorImpl.java:57)
	at sun.reflect.DelegatingMethodAccessorImpl.invoke(DelegatingMethodAccessorImpl.java:43)
	at java.lang.reflect.Method.invoke(Method.java:601)
	at org.junit.runners.model.FrameworkMethod$1.runReflectiveCall(FrameworkMethod.java:47)
	at org.junit.internal.runners.model.ReflectiveCallable.run(ReflectiveCallable.java:12)
	at org.junit.runners.model.FrameworkMethod.invokeExplosively(FrameworkMethod.java:44)
	at org.junit.internal.runners.statements.InvokeMethod.evaluate(InvokeMethod.java:17)
	at org.junit.internal.runners.statements.RunBefores.evaluate(RunBefores.java:26)
	at org.junit.internal.runners.statements.RunAfters.evaluate(RunAfters.java:27)
	at org.junit.runners.ParentRunner.runLeaf(ParentRunner.java:271)
	at org.junit.runners.BlockJUnit4ClassRunner.runChild(BlockJUnit4ClassRunner.java:70)
	at org.junit.runners.BlockJUnit4ClassRunner.runChild(BlockJUnit4ClassRunner.java:50)
	at org.junit.runners.ParentRunner$3.run(ParentRunner.java:238)
	at org.junit.runners.ParentRunner$1.schedule(ParentRunner.java:63)
	at org.junit.runners.ParentRunner.runChildren(ParentRunner.java:236)
	at org.junit.runners.ParentRunner.access$000(ParentRunner.java:53)
	at org.junit.runners.ParentRunner$2.evaluate(ParentRunner.java:229)
	at org.junit.internal.runners.statements.RunBefores.evaluate(RunBefores.java:26)
	at org.junit.runners.ParentRunner.run(ParentRunner.java:309)
	at org.apache.maven.surefire.junit4.JUnit4Provider.execute(JUnit4Provider.java:252)
	at org.apache.maven.surefire.junit4.JUnit4Provider.executeTestSet(JUnit4Provider.java:141)
	at org.apache.maven.surefire.junit4.JUnit4Provider.invoke(JUnit4Provider.java:112)
	at sun.reflect.NativeMethodAccessorImpl.invoke0(Native Method)
	at sun.reflect.NativeMethodAccessorImpl.invoke(NativeMethodAccessorImpl.java:57)
	at sun.reflect.DelegatingMethodAccessorImpl.invoke(DelegatingMethodAccessorImpl.java:43)
	at java.lang.reflect.Method.invoke(Method.java:601)
	at org.apache.maven.surefire.util.ReflectionUtils.invokeMethodWithArray(ReflectionUtils.java:189)
	at org.apache.maven.surefire.booter.ProviderFactory$ProviderProxy.invoke(ProviderFactory.java:165)
	at org.apache.maven.surefire.booter.ProviderFactory.invokeProvider(ProviderFactory.java:85)
	at org.apache.maven.surefire.booter.ForkedBooter.runSuitesInProcess(ForkedBooter.java:115)
	at org.apache.maven.surefire.booter.ForkedBooter.main(ForkedBooter.java:75)
</failure>
  </testcase>
</testsuite>